<?xml version="1.0" encoding="UTF-8"?>
<!-- Generated by org.testng.reporters.JUnitReportReporter -->
<testsuite hostname="KanjuSri" failures="0" tests="2" name="UserAPITests" time="3.422" errors="0" timestamp="2024-01-08T16:12:35 NZDT" skipped="0">
  <testcase classname="UserAPITests" name="testPostUserEndpoint" time="0.816"/>
  <testcase classname="UserAPITests" name="testGetUsersEndpoint" time="2.606"/>
</testsuite> <!-- UserAPITests -->
